c:\users\shiva sai ram\documents\visual studio 2013\projects\interpreter_implementation\interpreter_implementation\debug\vc120.pdb
c:\users\shiva sai ram\documents\visual studio 2013\projects\interpreter_implementation\interpreter_implementation\debug\vc120.idb
c:\users\shiva sai ram\documents\visual studio 2013\projects\interpreter_implementation\interpreter_implementation\debug\source.obj
c:\users\shiva sai ram\documents\visual studio 2013\projects\interpreter_implementation\debug\interpreter_implementation.pdb
c:\users\shiva sai ram\documents\visual studio 2013\projects\interpreter_implementation\interpreter_implementation\debug\interpre.02d75b2e.tlog\cl.command.1.tlog
c:\users\shiva sai ram\documents\visual studio 2013\projects\interpreter_implementation\interpreter_implementation\debug\interpre.02d75b2e.tlog\cl.read.1.tlog
c:\users\shiva sai ram\documents\visual studio 2013\projects\interpreter_implementation\interpreter_implementation\debug\interpre.02d75b2e.tlog\cl.write.1.tlog
c:\users\shiva sai ram\documents\visual studio 2013\projects\interpreter_implementation\interpreter_implementation\debug\interpre.02d75b2e.tlog\link-cvtres.read.1.tlog
c:\users\shiva sai ram\documents\visual studio 2013\projects\interpreter_implementation\interpreter_implementation\debug\interpre.02d75b2e.tlog\link-cvtres.write.1.tlog
c:\users\shiva sai ram\documents\visual studio 2013\projects\interpreter_implementation\interpreter_implementation\debug\interpre.02d75b2e.tlog\link-rc.read.1.tlog
c:\users\shiva sai ram\documents\visual studio 2013\projects\interpreter_implementation\interpreter_implementation\debug\interpre.02d75b2e.tlog\link-rc.write.1.tlog
c:\users\shiva sai ram\documents\visual studio 2013\projects\interpreter_implementation\interpreter_implementation\debug\interpre.02d75b2e.tlog\link.13524-cvtres.read.1.tlog
c:\users\shiva sai ram\documents\visual studio 2013\projects\interpreter_implementation\interpreter_implementation\debug\interpre.02d75b2e.tlog\link.13524-cvtres.write.1.tlog
c:\users\shiva sai ram\documents\visual studio 2013\projects\interpreter_implementation\interpreter_implementation\debug\interpre.02d75b2e.tlog\link.13524-rc.read.1.tlog
c:\users\shiva sai ram\documents\visual studio 2013\projects\interpreter_implementation\interpreter_implementation\debug\interpre.02d75b2e.tlog\link.13524-rc.write.1.tlog
c:\users\shiva sai ram\documents\visual studio 2013\projects\interpreter_implementation\interpreter_implementation\debug\interpre.02d75b2e.tlog\link.13524.read.1.tlog
c:\users\shiva sai ram\documents\visual studio 2013\projects\interpreter_implementation\interpreter_implementation\debug\interpre.02d75b2e.tlog\link.13524.write.1.tlog
c:\users\shiva sai ram\documents\visual studio 2013\projects\interpreter_implementation\interpreter_implementation\debug\interpre.02d75b2e.tlog\link.command.1.tlog
c:\users\shiva sai ram\documents\visual studio 2013\projects\interpreter_implementation\interpreter_implementation\debug\interpre.02d75b2e.tlog\link.read.1.tlog
c:\users\shiva sai ram\documents\visual studio 2013\projects\interpreter_implementation\interpreter_implementation\debug\interpre.02d75b2e.tlog\link.write.1.tlog
